<?xml version="1.0" encoding="UTF-8"?>
<testng-results ignored="0" total="1" passed="1" failed="0" skipped="0">
  <reporter-output>
  </reporter-output>
  <suite started-at="2023-08-08T10:42:05 IST" name="Default suite" finished-at="2023-08-08T10:42:05 IST" duration-ms="38">
    <groups>
    </groups>
    <test started-at="2023-08-08T10:42:05 IST" name="Default test" finished-at="2023-08-08T10:42:05 IST" duration-ms="38">
      <class name="TestNG.day1">
        <test-method signature="Demo()[pri:0, instance:TestNG.day1@5a45133e]" started-at="2023-08-08T10:42:05 IST" name="Demo" finished-at="2023-08-08T10:42:05 IST" duration-ms="6" status="PASS">
          <reporter-output>
          </reporter-output>
        </test-method> <!-- Demo -->
      </class> <!-- TestNG.day1 -->
    </test> <!-- Default test -->
  </suite> <!-- Default suite -->
</testng-results>
